0 info it worked if it ends with ok
1 verbose cli [ 'C:\\Program Files\\nodejs\\node.exe',
1 verbose cli   'C:\\Program Files\\nodejs\\node_modules\\npm\\bin\\npm-cli.js',
1 verbose cli   'run',
1 verbose cli   'lint-css' ]
2 info using npm@3.10.10
3 info using node@v6.11.3
4 verbose run-script [ 'prelint-css', 'lint-css', 'postlint-css' ]
5 info lifecycle tinkoff_fintech_frontend_3@1.0.0~prelint-css: tinkoff_fintech_frontend_3@1.0.0
6 silly lifecycle tinkoff_fintech_frontend_3@1.0.0~prelint-css: no script for prelint-css, continuing
7 info lifecycle tinkoff_fintech_frontend_3@1.0.0~lint-css: tinkoff_fintech_frontend_3@1.0.0
8 verbose lifecycle tinkoff_fintech_frontend_3@1.0.0~lint-css: unsafe-perm in lifecycle true
9 verbose lifecycle tinkoff_fintech_frontend_3@1.0.0~lint-css: PATH: C:\Program Files\nodejs\node_modules\npm\bin\node-gyp-bin;C:\Users\inspira\Development\Fintech-Javascript-3\node_modules\.bin;C:\ProgramData\Oracle\Java\javapath;C:\Windows\system32;C:\Windows;C:\Windows\System32\Wbem;C:\Windows\System32\WindowsPowerShell\v1.0\;C:\Program Files\nodejs\;C:\Program Files\Microsoft SQL Server\130\Tools\Binn\;C:\Program Files\Microsoft SQL Server\Client SDK\ODBC\130\Tools\Binn\;C:\Program Files (x86)\Microsoft SQL Server\130\Tools\Binn\;C:\Program Files\Microsoft SQL Server\130\DTS\Binn\;C:\Program Files (x86)\Microsoft SQL Server\Client SDK\ODBC\130\Tools\Binn\;C:\Program Files (x86)\Microsoft SQL Server\140\Tools\Binn\;C:\Program Files (x86)\Microsoft SQL Server\140\DTS\Binn\;C:\Program Files (x86)\Microsoft SQL Server\140\Tools\Binn\ManagementStudio\;C:\Users\inspira\AppData\Local\Microsoft\WindowsApps;C:\Users\inspira\AppData\Roaming\npm
10 verbose lifecycle tinkoff_fintech_frontend_3@1.0.0~lint-css: CWD: C:\Users\inspira\Development\Fintech-Javascript-3
11 silly lifecycle tinkoff_fintech_frontend_3@1.0.0~lint-css: Args: [ '/d /s /c', 'stylelint ./05/**/*.css' ]
12 silly lifecycle tinkoff_fintech_frontend_3@1.0.0~lint-css: Returned: code: 2  signal: null
13 info lifecycle tinkoff_fintech_frontend_3@1.0.0~lint-css: Failed to exec lint-css script
14 verbose stack Error: tinkoff_fintech_frontend_3@1.0.0 lint-css: `stylelint ./05/**/*.css`
14 verbose stack Exit status 2
14 verbose stack     at EventEmitter.<anonymous> (C:\Program Files\nodejs\node_modules\npm\lib\utils\lifecycle.js:255:16)
14 verbose stack     at emitTwo (events.js:106:13)
14 verbose stack     at EventEmitter.emit (events.js:191:7)
14 verbose stack     at ChildProcess.<anonymous> (C:\Program Files\nodejs\node_modules\npm\lib\utils\spawn.js:40:14)
14 verbose stack     at emitTwo (events.js:106:13)
14 verbose stack     at ChildProcess.emit (events.js:191:7)
14 verbose stack     at maybeClose (internal/child_process.js:920:16)
14 verbose stack     at Process.ChildProcess._handle.onexit (internal/child_process.js:230:5)
15 verbose pkgid tinkoff_fintech_frontend_3@1.0.0
16 verbose cwd C:\Users\inspira\Development\Fintech-Javascript-3
17 error Windows_NT 10.0.14393
18 error argv "C:\\Program Files\\nodejs\\node.exe" "C:\\Program Files\\nodejs\\node_modules\\npm\\bin\\npm-cli.js" "run" "lint-css"
19 error node v6.11.3
20 error npm  v3.10.10
21 error code ELIFECYCLE
22 error tinkoff_fintech_frontend_3@1.0.0 lint-css: `stylelint ./05/**/*.css`
22 error Exit status 2
23 error Failed at the tinkoff_fintech_frontend_3@1.0.0 lint-css script 'stylelint ./05/**/*.css'.
23 error Make sure you have the latest version of node.js and npm installed.
23 error If you do, this is most likely a problem with the tinkoff_fintech_frontend_3 package,
23 error not with npm itself.
23 error Tell the author that this fails on your system:
23 error     stylelint ./05/**/*.css
23 error You can get information on how to open an issue for this project with:
23 error     npm bugs tinkoff_fintech_frontend_3
23 error Or if that isn't available, you can get their info via:
23 error     npm owner ls tinkoff_fintech_frontend_3
23 error There is likely additional logging output above.
24 verbose exit [ 1, true ]
