0 info it worked if it ends with ok
1 verbose cli [ '/Users/irishka/.nvm/versions/node/v6.11.2/bin/node',
1 verbose cli   '/Users/irishka/.nvm/versions/node/v6.11.2/bin/npm',
1 verbose cli   'run',
1 verbose cli   'test' ]
2 info using npm@3.10.10
3 info using node@v6.11.2
4 verbose run-script [ 'pretest', 'test', 'posttest' ]
5 info lifecycle tinkoff_fintech_frontend_3@1.0.0~pretest: tinkoff_fintech_frontend_3@1.0.0
6 silly lifecycle tinkoff_fintech_frontend_3@1.0.0~pretest: no script for pretest, continuing
7 info lifecycle tinkoff_fintech_frontend_3@1.0.0~test: tinkoff_fintech_frontend_3@1.0.0
8 verbose lifecycle tinkoff_fintech_frontend_3@1.0.0~test: unsafe-perm in lifecycle true
9 verbose lifecycle tinkoff_fintech_frontend_3@1.0.0~test: PATH: /Users/irishka/.nvm/versions/node/v6.11.2/lib/node_modules/npm/bin/node-gyp-bin:/Users/irishka/Documents/homeworks/Fintech-Javascript-3/node_modules/.bin:/Users/irishka/.nvm/versions/node/v6.11.2/bin:/Users/irishka/bin:/usr/local/bin:/usr/local/bin/:/usr/local/bin:/usr/bin:/bin:/usr/sbin:/sbin:/usr/local/git/bin
10 verbose lifecycle tinkoff_fintech_frontend_3@1.0.0~test: CWD: /Users/irishka/Documents/homeworks/Fintech-Javascript-3
11 silly lifecycle tinkoff_fintech_frontend_3@1.0.0~test: Args: [ '-c', 'npm run --silent unit-tests && npm run --silent lint' ]
12 silly lifecycle tinkoff_fintech_frontend_3@1.0.0~test: Returned: code: 1  signal: null
13 info lifecycle tinkoff_fintech_frontend_3@1.0.0~test: Failed to exec test script
14 verbose stack Error: tinkoff_fintech_frontend_3@1.0.0 test: `npm run --silent unit-tests && npm run --silent lint`
14 verbose stack Exit status 1
14 verbose stack     at EventEmitter.<anonymous> (/Users/irishka/.nvm/versions/node/v6.11.2/lib/node_modules/npm/lib/utils/lifecycle.js:255:16)
14 verbose stack     at emitTwo (events.js:106:13)
14 verbose stack     at EventEmitter.emit (events.js:191:7)
14 verbose stack     at ChildProcess.<anonymous> (/Users/irishka/.nvm/versions/node/v6.11.2/lib/node_modules/npm/lib/utils/spawn.js:40:14)
14 verbose stack     at emitTwo (events.js:106:13)
14 verbose stack     at ChildProcess.emit (events.js:191:7)
14 verbose stack     at maybeClose (internal/child_process.js:891:16)
14 verbose stack     at Process.ChildProcess._handle.onexit (internal/child_process.js:226:5)
15 verbose pkgid tinkoff_fintech_frontend_3@1.0.0
16 verbose cwd /Users/irishka/Documents/homeworks/Fintech-Javascript-3/01
17 error Darwin 16.7.0
18 error argv "/Users/irishka/.nvm/versions/node/v6.11.2/bin/node" "/Users/irishka/.nvm/versions/node/v6.11.2/bin/npm" "run" "test"
19 error node v6.11.2
20 error npm  v3.10.10
21 error code ELIFECYCLE
22 error tinkoff_fintech_frontend_3@1.0.0 test: `npm run --silent unit-tests && npm run --silent lint`
22 error Exit status 1
23 error Failed at the tinkoff_fintech_frontend_3@1.0.0 test script 'npm run --silent unit-tests && npm run --silent lint'.
23 error Make sure you have the latest version of node.js and npm installed.
23 error If you do, this is most likely a problem with the tinkoff_fintech_frontend_3 package,
23 error not with npm itself.
23 error Tell the author that this fails on your system:
23 error     npm run --silent unit-tests && npm run --silent lint
23 error You can get information on how to open an issue for this project with:
23 error     npm bugs tinkoff_fintech_frontend_3
23 error Or if that isn't available, you can get their info via:
23 error     npm owner ls tinkoff_fintech_frontend_3
23 error There is likely additional logging output above.
24 verbose exit [ 1, true ]
